C51 COMPILER V9.60.7.0   UART                                                              01/16/2026 21:14:33 PAGE 1   


C51 COMPILER V9.60.7.0, COMPILATION OF MODULE UART
OBJECT MODULE PLACED IN .\Objects\uart.obj
COMPILER INVOKED BY: C:\Keil_v5\C51\BIN\C51.EXE uart.c OPTIMIZE(8,SPEED) BROWSE DEBUG OBJECTEXTEND PRINT(.\Listings\uart
                    -.lst) TABS(2) OBJECT(.\Objects\uart.obj)

line level    source

   1          #include "uart.h"
   2          
   3          #define TH1_VALUE (256 - (F_CPU / 12 / 32 / BAUD_RATE))  // Timer 1 reload value
   4          
   5          // Initialize UART
   6          void uart_init(void) {
   7   1          SCON = 0x50;  // UART mode 1, 8-bit data, REN enabled
   8   1          TMOD |= 0x20; // Timer 1, mode 2 (8-bit auto-reload)
   9   1          TH1 = TH1_VALUE;
  10   1          TL1 = TH1_VALUE;
  11   1          TR1 = 1;      // Start Timer 1
  12   1          TI = 1;       // Set TI to indicate ready to send
  13   1      }
  14          
  15          // Send a single byte
  16          void uart_send_byte(char c) {
  17   1          SBUF = c;
  18   1          while (TI == 0);  // Wait until transmission complete
  19   1          TI = 0;           // Clear TI flag
  20   1      }
  21          
  22          // Receive a single byte
  23          char uart_receive_byte(void) {
  24   1          while (RI == 0);  // Wait until a byte is received
  25   1          RI = 0;           // Clear RI flag
  26   1          return SBUF;      // Return received byte
  27   1      }
  28          
  29          /* ================= Added Functions Only ================= */
  30          
  31          // Send a 2-byte word (MSB first)
  32          void uart_send_word(uint16_t word) {
  33   1          uart_send_byte((word >> 8) & 0xFF);  // High byte
  34   1          uart_send_byte(word & 0xFF);         // Low byte
  35   1      }
  36          
  37          // Receive a 2-byte word (MSB first)
  38          /*uint16_t uart_receive_word(void) {
  39              uint16_t word;
  40              word  = ((uint16_t)uart_receive_byte()) << 8; // High byte
  41              word |= (uint16_t)uart_receive_byte();        // Low byte
  42              return word;
  43          }
  44          */
  45          
  46          
  47          
  48          /* ================= recive 1byte decimal number ================= */
  49          
  50          // Receive a 1-byte decimal number (0-255) via 3 ASCII digits or Enter
  51          uint8_t uart_receive_decimal(void) {
  52   1          uint8_t count = 0;
  53   1          uint8_t digits[3] = {0, 0, 0};
  54   1          char received;
C51 COMPILER V9.60.7.0   UART                                                              01/16/2026 21:14:33 PAGE 2   

  55   1          uint16_t result = 0;
  56   1      
  57   1          for (count = 0; count < 3; count++) {
  58   2              received = uart_receive_byte();
  59   2      
  60   2              // Check if user pressed "Enter" (ASCII 13)
  61   2              if (received == '\r' || received == '\n') {
  62   3                  if (count == 0) return 0; // "Enter" on first digit = 0
  63   3                  break; // Stop receiving and calculate what we have
  64   3              }
  65   2      
  66   2              // Convert ASCII to actual number (e.g., '1' becomes 1)
  67   2              // Standard ASCII offset is 48. 
  68   2              digits[count] = received - 48; 
  69   2          }
  70   1      
  71   1          // Logic for shifting digits based on how many were entered
  72   1          if (count == 1) {
  73   2              // Only one digit was entered before Enter or filling up
  74   2              result = digits[0];
  75   2          } 
  76   1          else if (count == 2) {
  77   2              // Two digits: [0] is tens, [1] is units
  78   2              result = (digits[0] * 10) + digits[1];
  79   2          } 
  80   1          else if (count == 3) {
  81   2              // Three digits: [0] is hundreds, [1] is tens, [2] is units
  82   2              result = (digits[0] * 100) + (digits[1] * 10) + digits[2];
  83   2          }                                                                                                     
             -                                                                                                                        
             -                                                                                                                        
             -                                                                                                                        
             -                                                                                                                        
             -                                                                                                                        
             -                                                                                                                        
             -                                                                                                                        
             -                                                                                                                        
             -                                                                                                                        
             -                                                                                                                        
             -                                                                                                                        
             -                                                                                                                        
             -                                                                                                                        
             -                                         
  84   1          // Ensure it fits in 8-bit (max 255)
  85   1          return (uint8_t)(result > 255 ? 255 : result);
  86   1      }


MODULE INFORMATION:   STATIC OVERLAYABLE
   CODE SIZE        =    183    ----
   CONSTANT SIZE    =      3    ----
   XDATA SIZE       =   ----    ----
   PDATA SIZE       =   ----    ----
   DATA SIZE        =   ----       4
   IDATA SIZE       =   ----    ----
   BIT SIZE         =   ----    ----
END OF MODULE INFORMATION.


C51 COMPILATION COMPLETE.  0 WARNING(S),  0 ERROR(S)
